THEIRS,367,368
THEIRS,368,369
THEIRS,369,370
THEIRS,375,376
THEIRS,377,378
OURS,380,430
THEIRS,431,432
THEIRS,439,440
THEIRS,444,445
THEIRS,448,449
THEIRS,467,468
THEIRS,468,469
THEIRS,472,473
THEIRS,473,474
THEIRS,476,477
THEIRS,481,482
THEIRS,482,483
THEIRS,497,498
OURS,499,504
THEIRS,509,510
THEIRS,517,518
OURS,522,567
THEIRS,597,598
OURS,601,651
THEIRS,653,654
THEIRS,657,658
THEIRS,658,659
THEIRS,659,660
OURS,667,672
THEIRS,712,713
THEIRS,718,719
OURS,720,730
THEIRS,736,737
THEIRS,740,741
THEIRS,750,751
THEIRS,755,756
THEIRS,773,774
OURS,774,799
THEIRS,824,825
THEIRS,826,827
OURS,854,894
THEIRS,917,918
THEIRS,925,926
THEIRS,938,939
THEIRS,949,950
THEIRS,951,952
THEIRS,956,957
THEIRS,959,960
THEIRS,968,969
THEIRS,979,980
OURS,987,1007
THEIRS,1010,1011
THEIRS,1016,1017
OURS,1048,1068
THEIRS,1075,1076
THEIRS,1077,1078
THEIRS,1092,1093
THEIRS,1099,1100
OURS,1100,1120
THEIRS,1125,1126
THEIRS,1137,1138
THEIRS,1141,1142
OURS,1164,1184
THEIRS,1190,1191
OURS,1212,1252
THEIRS,1254,1255
END