OURS,406,441
THEIRS,441,442
OURS,443,463
THEIRS,471,472
OURS,503,538
THEIRS,555,556
THEIRS,571,572
OURS,580,595
OURS,609,649
THEIRS,658,659
THEIRS,671,672
THEIRS,677,678
THEIRS,692,693
THEIRS,696,697
THEIRS,698,699
THEIRS,708,709
THEIRS,713,714
OURS,722,732
THEIRS,754,755
THEIRS,757,758
THEIRS,781,782
THEIRS,825,826
THEIRS,828,829
THEIRS,832,833
OURS,837,867
THEIRS,882,883
THEIRS,889,890
THEIRS,902,903
OURS,904,934
THEIRS,935,936
THEIRS,938,939
THEIRS,939,940
THEIRS,943,944
THEIRS,956,957
THEIRS,960,961
THEIRS,963,964
THEIRS,968,969
OURS,975,1020
THEIRS,1020,1021
THEIRS,1021,1022
THEIRS,1022,1023
THEIRS,1071,1072
THEIRS,1073,1074
THEIRS,1086,1087
THEIRS,1087,1088
THEIRS,1102,1103
THEIRS,1104,1105
OURS,1115,1130
THEIRS,1137,1138
OURS,1173,1198
THEIRS,1206,1207
THEIRS,1216,1217
THEIRS,1228,1229
THEIRS,1247,1248
THEIRS,1248,1249
THEIRS,1252,1253
END