THEIRS,369,370
THEIRS,371,372
THEIRS,380,381
THEIRS,388,389
OURS,389,394
THEIRS,399,400
THEIRS,411,412
THEIRS,412,413
THEIRS,413,414
THEIRS,417,418
THEIRS,420,421
THEIRS,436,437
THEIRS,445,446
THEIRS,447,448
THEIRS,450,451
THEIRS,461,462
OURS,485,500
OURS,508,548
THEIRS,552,553
THEIRS,556,557
THEIRS,558,559
OURS,560,580
THEIRS,595,596
THEIRS,596,597
OURS,642,662
THEIRS,663,664
THEIRS,664,665
THEIRS,690,691
THEIRS,694,695
THEIRS,696,697
THEIRS,706,707
THEIRS,714,715
THEIRS,753,754
THEIRS,758,759
THEIRS,759,760
THEIRS,765,766
THEIRS,780,781
OURS,790,835
THEIRS,843,844
OURS,861,881
THEIRS,882,883
THEIRS,884,885
THEIRS,916,917
THEIRS,928,929
THEIRS,929,930
THEIRS,931,932
THEIRS,933,934
OURS,939,964
THEIRS,966,967
THEIRS,976,977
THEIRS,983,984
THEIRS,1003,1004
THEIRS,1006,1007
THEIRS,1058,1059
THEIRS,1091,1092
THEIRS,1097,1098
THEIRS,1112,1113
THEIRS,1119,1120
OURS,1120,1130
THEIRS,1136,1137
THEIRS,1137,1138
THEIRS,1155,1156
OURS,1167,1172
OURS,1172,1192
THEIRS,1193,1194
THEIRS,1196,1197
THEIRS,1208,1209
THEIRS,1218,1219
THEIRS,1226,1227
OURS,1236,1256
END